#
# There is insufficient memory for the Java Runtime Environment to continue.
# Native memory allocation (malloc) failed to allocate 65136 bytes for Chunk::new
# Possible reasons:
#   The system is out of physical RAM or swap space
#   The process is running with CompressedOops enabled, and the Java Heap may be blocking the growth of the native heap
# Possible solutions:
#   Reduce memory load on the system
#   Increase physical memory or swap space
#   Check if swap backing store is full
#   Decrease Java heap size (-Xmx/-Xms)
#   Decrease number of Java threads
#   Decrease Java thread stack sizes (-Xss)
#   Set larger code cache with -XX:ReservedCodeCacheSize=
#   JVM is running with Unscaled Compressed Oops mode in which the Java heap is
#     placed in the first 4GB address space. The Java Heap base address is the
#     maximum limit for the native heap growth. Please use -XX:HeapBaseMinAddress
#     to set the Java Heap base and to place the Java Heap above 4GB virtual address.
# This output file may be truncated or incomplete.
#
#  Out of Memory Error (arena.cpp:191), pid=78888, tid=95204
#
# JRE version: OpenJDK Runtime Environment Temurin-17.0.10+7 (17.0.10+7) (build 17.0.10+7)
# Java VM: OpenJDK 64-Bit Server VM Temurin-17.0.10+7 (17.0.10+7, mixed mode, tiered, compressed oops, compressed class ptrs, parallel gc, windows-amd64)
# No core dump will be written. Minidumps are not enabled by default on client versions of Windows
#

---------------  S U M M A R Y ------------

Command Line: --add-modules=ALL-SYSTEM --add-opens=java.base/java.util=ALL-UNNAMED --add-opens=java.base/java.lang=ALL-UNNAMED --add-opens=java.base/sun.nio.fs=ALL-UNNAMED -Declipse.application=org.eclipse.jdt.ls.core.id1 -Dosgi.bundles.defaultStartLevel=4 -Declipse.product=org.eclipse.jdt.ls.core.product -Djava.import.generatesMetadataFilesAtProjectRoot=false -DDetectVMInstallationsJob.disabled=true -Dfile.encoding=utf8 -XX:+UseParallelGC -XX:GCTimeRatio=4 -XX:AdaptiveSizePolicyWeight=90 -Dsun.zip.disableMemoryMapping=true -Xmx1G -Xms100m -Xlog:disable -javaagent:c:\Users\cjbar\.vscode\extensions\redhat.java-1.30.0-win32-x64\lombok\lombok-1.18.32.jar c:\Users\cjbar\.vscode\extensions\redhat.java-1.30.0-win32-x64\server\plugins\org.eclipse.equinox.launcher_1.6.800.v20240330-1250.jar -configuration c:\Users\cjbar\AppData\Roaming\Code\User\globalStorage\redhat.java\1.30.0\config_ss_win -data c:\Users\cjbar\AppData\Roaming\Code\User\workspaceStorage\9c427704d4bd1625a4c02ed9dfc6d169\redhat.java\ss_ws --pipe=\\.\pipe\lsp-b1a47df2377744b27161e9d1a8b02868-sock

Host: 11th Gen Intel(R) Core(TM) i3-1115G4 @ 3.00GHz, 4 cores, 3G,  Windows 11 , 64 bit Build 22621 (10.0.22621.3374)
Time: Tue May  7 10:18:03 2024 Hora oficial do Brasil elapsed time: 1.807955 seconds (0d 0h 0m 1s)

---------------  T H R E A D  ---------------

Current thread (0x0000019fd6693270):  JavaThread "C2 CompilerThread0" daemon [_thread_in_native, id=95204, stack(0x0000004a8fe00000,0x0000004a8ff00000)]


Current CompileTask:
C2:   1808  396 %     4       java.lang.StringLatin1::replace @ 79 (198 bytes)

Stack: [0x0000004a8fe00000,0x0000004a8ff00000]
Native frames: (J=compiled Java code, j=interpreted, Vv=VM code, C=native code)
V  [jvm.dll+0x67d2c9]
V  [jvm.dll+0x834afa]
V  [jvm.dll+0x8365be]
V  [jvm.dll+0x836c23]
V  [jvm.dll+0x2477ff]
V  [jvm.dll+0xac514]
V  [jvm.dll+0xacb5c]
V  [jvm.dll+0x3667d7]
V  [jvm.dll+0x330bfa]
V  [jvm.dll+0x33009a]
V  [jvm.dll+0x219ef1]
V  [jvm.dll+0x219311]
V  [jvm.dll+0x1a502d]
V  [jvm.dll+0x2290de]
V  [jvm.dll+0x2272ac]
V  [jvm.dll+0x7e9bb7]
V  [jvm.dll+0x7e3fba]
V  [jvm.dll+0x67c1b5]
C  [ucrtbase.dll+0x29333]
C  [KERNEL32.DLL+0x1257d]
C  [ntdll.dll+0x5aa48]


---------------  P R O C E S S  ---------------

Threads class SMR info:
_java_thread_list=0x0000019fdb9e1f10, length=11, elements={
0x0000019fc281d0f0, 0x0000019fd665d010, 0x0000019fd665dd60, 0x0000019fd668e330,
0x0000019fd668eef0, 0x0000019fd668fab0, 0x0000019fd6692580, 0x0000019fd6693270,
0x0000019fdb8d8040, 0x0000019fdb8dad10, 0x0000019fc2883080
}

Java Threads: ( => current thread )
  0x0000019fc281d0f0 JavaThread "main" [_thread_in_native, id=98996, stack(0x0000004a8f500000,0x0000004a8f600000)]
  0x0000019fd665d010 JavaThread "Reference Handler" daemon [_thread_blocked, id=98392, stack(0x0000004a8f800000,0x0000004a8f900000)]
  0x0000019fd665dd60 JavaThread "Finalizer" daemon [_thread_blocked, id=99792, stack(0x0000004a8f900000,0x0000004a8fa00000)]
  0x0000019fd668e330 JavaThread "Signal Dispatcher" daemon [_thread_blocked, id=56288, stack(0x0000004a8fa00000,0x0000004a8fb00000)]
  0x0000019fd668eef0 JavaThread "Attach Listener" daemon [_thread_blocked, id=90304, stack(0x0000004a8fb00000,0x0000004a8fc00000)]
  0x0000019fd668fab0 JavaThread "Service Thread" daemon [_thread_blocked, id=82952, stack(0x0000004a8fc00000,0x0000004a8fd00000)]
  0x0000019fd6692580 JavaThread "Monitor Deflation Thread" daemon [_thread_blocked, id=100068, stack(0x0000004a8fd00000,0x0000004a8fe00000)]
=>0x0000019fd6693270 JavaThread "C2 CompilerThread0" daemon [_thread_in_native, id=95204, stack(0x0000004a8fe00000,0x0000004a8ff00000)]
  0x0000019fdb8d8040 JavaThread "C1 CompilerThread0" daemon [_thread_blocked, id=79220, stack(0x0000004a8ff00000,0x0000004a90000000)]
  0x0000019fdb8dad10 JavaThread "Sweeper thread" daemon [_thread_blocked, id=90076, stack(0x0000004a90000000,0x0000004a90100000)]
  0x0000019fc2883080 JavaThread "Common-Cleaner" daemon [_thread_blocked, id=76936, stack(0x0000004a90100000,0x0000004a90200000)]

Other Threads:
  0x0000019fd6647800 VMThread "VM Thread" [stack: 0x0000004a8f700000,0x0000004a8f800000] [id=92828]
  0x0000019fc2832e90 GCTaskThread "GC Thread#0" [stack: 0x0000004a8f600000,0x0000004a8f700000] [id=96608]

Threads with active compile tasks:
C2 CompilerThread0     1839  396 %     4       java.lang.StringLatin1::replace @ 79 (198 bytes)

VM state: not at safepoint (normal execution)

VM Mutex/Monitor currently owned by a thread: None

Heap address: 0x00000000c0000000, size: 1024 MB, Compressed Oops mode: 32-bit

CDS archive(s) not mapped
Compressed class space mapped at: 0x0000000100000000-0x0000000140000000, reserved size: 1073741824
Narrow klass base: 0x0000000000000000, Narrow klass shift: 3, Narrow klass range: 0x140000000

GC Precious Log:
 CPUs: 4 total, 4 available
 Memory: 3819M
 Large Page Support: Disabled
 NUMA Support: Disabled
 Compressed Oops: Enabled (32-bit)
 Alignments: Space 512K, Generation 512K, Heap 2M
 Heap Min Capacity: 100M
 Heap Initial Capacity: 100M
 Heap Max Capacity: 1G
 Pre-touch: Disabled
 Parallel Workers: 4

Heap:
 PSYoungGen      total 29696K, used 7758K [0x00000000eab00000, 0x00000000ecc00000, 0x0000000100000000)
  eden space 25600K, 30% used [0x00000000eab00000,0x00000000eb293a40,0x00000000ec400000)
  from space 4096K, 0% used [0x00000000ec800000,0x00000000ec800000,0x00000000ecc00000)
  to   space 4096K, 0% used [0x00000000ec400000,0x00000000ec400000,0x00000000ec800000)
 ParOldGen       total 68608K, used 0K [0x00000000c0000000, 0x00000000c4300000, 0x00000000eab00000)
  object space 68608K, 0% used [0x00000000c0000000,0x00000000c0000000,0x00000000c4300000)
 Metaspace       used 6253K, committed 6400K, reserved 1114112K
  class space    used 609K, committed 704K, reserved 1048576K

Card table byte_map: [0x0000019fc21c0000,0x0000019fc23d0000] _byte_map_base: 0x0000019fc1bc0000

Marking Bits: (ParMarkBitMap*) 0x00007ff88348d7d0
 Begin Bits: [0x0000019fd44b0000, 0x0000019fd54b0000)
 End Bits:   [0x0000019fd54b0000, 0x0000019fd64b0000)

Polling page: 0x0000019fc0700000

Metaspace:

Usage:
  Non-class:      5.51 MB used.
      Class:    609.41 KB used.
       Both:      6.11 MB used.

Virtual space:
  Non-class space:       64.00 MB reserved,       5.56 MB (  9%) committed,  1 nodes.
      Class space:        1.00 GB reserved,     704.00 KB ( <1%) committed,  1 nodes.
             Both:        1.06 GB reserved,       6.25 MB ( <1%) committed. 

Chunk freelists:
   Non-Class:  10.25 MB
       Class:  15.22 MB
        Both:  25.47 MB

MaxMetaspaceSize: unlimited
CompressedClassSpaceSize: 1.00 GB
Initial GC threshold: 21.00 MB
Current GC threshold: 21.00 MB
CDS: off
MetaspaceReclaimPolicy: balanced
 - commit_granule_bytes: 65536.
 - commit_granule_words: 8192.
 - virtual_space_node_default_size: 8388608.
 - enlarge_chunks_in_place: 1.
 - new_chunks_are_fully_committed: 0.
 - uncommit_free_chunks: 1.
 - use_allocation_guard: 0.
 - handle_deallocations: 1.


Internal statistics:

num_allocs_failed_limit: 0.
num_arena_births: 10.
num_arena_deaths: 0.
num_vsnodes_births: 2.
num_vsnodes_deaths: 0.
num_space_committed: 100.
num_space_uncommitted: 0.
num_chunks_returned_to_freelist: 0.
num_chunks_taken_from_freelist: 33.
num_chunk_merges: 0.
num_chunk_splits: 20.
num_chunks_enlarged: 21.
num_inconsistent_stats: 0.

CodeHeap 'non-profiled nmethods': size=120000Kb used=118Kb max_used=118Kb free=119881Kb
 bounds [0x0000019fccf80000, 0x0000019fcd1f0000, 0x0000019fd44b0000]
CodeHeap 'profiled nmethods': size=120000Kb used=552Kb max_used=552Kb free=119448Kb
 bounds [0x0000019fc54b0000, 0x0000019fc5720000, 0x0000019fcc9e0000]
CodeHeap 'non-nmethods': size=5760Kb used=1106Kb max_used=1120Kb free=4653Kb
 bounds [0x0000019fcc9e0000, 0x0000019fccc50000, 0x0000019fccf80000]
 total_blobs=782 nmethods=408 adapters=289
 compilation: enabled
              stopped_count=0, restarted_count=0
 full_count=0

Compilation events (20 events):
Event: 1.777 Thread 0x0000019fdb8d8040 nmethod 385 0x0000019fccf9bf90 code [0x0000019fccf9c120, 0x0000019fccf9c1f8]
Event: 1.777 Thread 0x0000019fdb8d8040  386       1       java.net.URL::getAuthority (5 bytes)
Event: 1.777 Thread 0x0000019fdb8d8040 nmethod 386 0x0000019fccf9c290 code [0x0000019fccf9c420, 0x0000019fccf9c4f8]
Event: 1.777 Thread 0x0000019fdb8d8040  387       1       java.net.URL::getPath (5 bytes)
Event: 1.777 Thread 0x0000019fdb8d8040 nmethod 387 0x0000019fccf9c590 code [0x0000019fccf9c720, 0x0000019fccf9c7f8]
Event: 1.777 Thread 0x0000019fdb8d8040  388       1       java.net.URL::getQuery (5 bytes)
Event: 1.777 Thread 0x0000019fdb8d8040 nmethod 388 0x0000019fccf9c890 code [0x0000019fccf9ca20, 0x0000019fccf9caf8]
Event: 1.780 Thread 0x0000019fdb8d8040  389       3       java.lang.ClassLoader::getResource (41 bytes)
Event: 1.781 Thread 0x0000019fdb8d8040 nmethod 389 0x0000019fc552dd90 code [0x0000019fc552df80, 0x0000019fc552e578]
Event: 1.782 Thread 0x0000019fdb8d8040  390       3       java.io.FileSystem::hasBooleanAttributes (17 bytes)
Event: 1.782 Thread 0x0000019fdb8d8040 nmethod 390 0x0000019fc552e790 code [0x0000019fc552e940, 0x0000019fc552eae8]
Event: 1.783 Thread 0x0000019fdb8d8040  392   !   3       java.io.WinNTFileSystem::resolve (362 bytes)
Event: 1.791 Thread 0x0000019fdb8d8040 nmethod 392 0x0000019fc552eb90 code [0x0000019fc552f540, 0x0000019fc5533e68]
Event: 1.791 Thread 0x0000019fdb8d8040  393       3       java.lang.StringLatin1::regionMatchesCI (98 bytes)
Event: 1.792 Thread 0x0000019fdb8d8040 nmethod 393 0x0000019fc5535810 code [0x0000019fc5535a40, 0x0000019fc5536178]
Event: 1.795 Thread 0x0000019fdb8d8040  394       1       java.net.URL::getUserInfo (5 bytes)
Event: 1.795 Thread 0x0000019fdb8d8040 nmethod 394 0x0000019fccf9cf90 code [0x0000019fccf9d120, 0x0000019fccf9d1f8]
Event: 1.796 Thread 0x0000019fdb8d8040  395       3       java.util.ArrayList$Itr::hasNext (20 bytes)
Event: 1.796 Thread 0x0000019fdb8d8040 nmethod 395 0x0000019fc5536510 code [0x0000019fc55366a0, 0x0000019fc5536818]
Event: 1.796 Thread 0x0000019fd6693270  396 %     4       java.lang.StringLatin1::replace @ 79 (198 bytes)

GC Heap History (0 events):
No events

Dll operation events (8 events):
Event: 0.380 Loaded shared library c:\Users\cjbar\.vscode\extensions\redhat.java-1.30.0-win32-x64\jre\17.0.10-win32-x86_64\bin\java.dll
Event: 1.253 Loaded shared library c:\Users\cjbar\.vscode\extensions\redhat.java-1.30.0-win32-x64\jre\17.0.10-win32-x86_64\bin\zip.dll
Event: 1.265 Loaded shared library C:\Users\cjbar\.vscode\extensions\redhat.java-1.30.0-win32-x64\jre\17.0.10-win32-x86_64\bin\instrument.dll
Event: 1.321 Loaded shared library C:\Users\cjbar\.vscode\extensions\redhat.java-1.30.0-win32-x64\jre\17.0.10-win32-x86_64\bin\net.dll
Event: 1.342 Loaded shared library C:\Users\cjbar\.vscode\extensions\redhat.java-1.30.0-win32-x64\jre\17.0.10-win32-x86_64\bin\nio.dll
Event: 1.356 Loaded shared library C:\Users\cjbar\.vscode\extensions\redhat.java-1.30.0-win32-x64\jre\17.0.10-win32-x86_64\bin\zip.dll
Event: 1.398 Loaded shared library C:\Users\cjbar\.vscode\extensions\redhat.java-1.30.0-win32-x64\jre\17.0.10-win32-x86_64\bin\jimage.dll
Event: 1.570 Loaded shared library c:\Users\cjbar\.vscode\extensions\redhat.java-1.30.0-win32-x64\jre\17.0.10-win32-x86_64\bin\verify.dll

Deoptimization events (2 events):
Event: 1.651 Thread 0x0000019fc281d0f0 DEOPT PACKING pc=0x0000019fc54fbda2 sp=0x0000004a8f5fc780
Event: 1.651 Thread 0x0000019fc281d0f0 DEOPT UNPACKING pc=0x0000019fcca3a9e3 sp=0x0000004a8f5fbbe0 mode 0

Classes unloaded (0 events):
No events

Classes redefined (0 events):
No events

Internal exceptions (2 events):
Event: 1.153 Thread 0x0000019fc281d0f0 Exception <a 'java/lang/NoSuchMethodError'{0x00000000eacb4c60}: 'void java.lang.invoke.DirectMethodHandle$Holder.invokeStatic(java.lang.Object, java.lang.Object, java.lang.Object)'> (0x00000000eacb4c60) 
thrown [s\src\hotspot\share\interpreter\linkResolver.cpp, line 759]
Event: 1.639 Thread 0x0000019fc281d0f0 Exception <a 'java/lang/reflect/InvocationTargetException'{0x00000000eafe6898}> (0x00000000eafe6898) 
thrown [s\src\hotspot\share\runtime\reflection.cpp, line 1121]

VM Operations (4 events):
Event: 1.162 Executing VM operation: HandshakeAllThreads
Event: 1.163 Executing VM operation: HandshakeAllThreads done
Event: 1.424 Executing VM operation: HandshakeAllThreads
Event: 1.424 Executing VM operation: HandshakeAllThreads done

Events (20 events):
Event: 1.701 loading class java/util/regex/Pattern$Branch
Event: 1.701 loading class java/util/regex/Pattern$Branch done
Event: 1.702 loading class java/util/regex/Pattern$StartS
Event: 1.702 loading class java/util/regex/Pattern$StartS done
Event: 1.702 loading class java/util/regex/Pattern$Curly
Event: 1.702 loading class java/util/regex/Pattern$Curly done
Event: 1.702 loading class java/util/regex/Pattern$Ques
Event: 1.702 loading class java/util/regex/Pattern$Ques done
Event: 1.702 loading class java/util/regex/Pattern$Loop
Event: 1.702 loading class java/util/regex/Pattern$Loop done
Event: 1.703 loading class java/util/regex/Pattern$Prolog
Event: 1.703 loading class java/util/regex/Pattern$Prolog done
Event: 1.703 loading class java/util/regex/Pattern$Dollar
Event: 1.704 loading class java/util/regex/Pattern$Dollar done
Event: 1.704 loading class java/util/regex/Pattern$GroupCurly
Event: 1.704 loading class java/util/regex/Pattern$GroupCurly done
Event: 1.743 loading class java/util/Collections$SingletonSet
Event: 1.743 loading class java/util/Collections$SingletonSet done
Event: 1.743 loading class java/util/Collections$1
Event: 1.743 loading class java/util/Collections$1 done


Dynamic libraries:
0x00007ff699110000 - 0x00007ff69911e000 	c:\Users\cjbar\.vscode\extensions\redhat.java-1.30.0-win32-x64\jre\17.0.10-win32-x86_64\bin\java.exe
0x00007ff8f9fd0000 - 0x00007ff8fa1e6000 	C:\WINDOWS\SYSTEM32\ntdll.dll
0x00007ff8f9430000 - 0x00007ff8f94f4000 	C:\WINDOWS\System32\KERNEL32.DLL
0x00007ff8f7460000 - 0x00007ff8f7807000 	C:\WINDOWS\System32\KERNELBASE.dll
0x00007ff8f7930000 - 0x00007ff8f7a41000 	C:\WINDOWS\System32\ucrtbase.dll
0x00007ff8f2630000 - 0x00007ff8f264b000 	c:\Users\cjbar\.vscode\extensions\redhat.java-1.30.0-win32-x64\jre\17.0.10-win32-x86_64\bin\VCRUNTIME140.dll
0x00007ff8d46a0000 - 0x00007ff8d46b7000 	c:\Users\cjbar\.vscode\extensions\redhat.java-1.30.0-win32-x64\jre\17.0.10-win32-x86_64\bin\jli.dll
0x00007ff8f9730000 - 0x00007ff8f98de000 	C:\WINDOWS\System32\USER32.dll
0x00007ff8f7af0000 - 0x00007ff8f7b16000 	C:\WINDOWS\System32\win32u.dll
0x00007ff8f9f50000 - 0x00007ff8f9f79000 	C:\WINDOWS\System32\GDI32.dll
0x00007ff8f7be0000 - 0x00007ff8f7cf9000 	C:\WINDOWS\System32\gdi32full.dll
0x00007ff8f7a50000 - 0x00007ff8f7aea000 	C:\WINDOWS\System32\msvcp_win.dll
0x00007ff8d4f60000 - 0x00007ff8d51f3000 	C:\WINDOWS\WinSxS\amd64_microsoft.windows.common-controls_6595b64144ccf1df_6.0.22621.3235_none_270f74e173860f98\COMCTL32.dll
0x00007ff8f7f50000 - 0x00007ff8f7ff7000 	C:\WINDOWS\System32\msvcrt.dll
0x00007ff8f9f10000 - 0x00007ff8f9f41000 	C:\WINDOWS\System32\IMM32.DLL
0x00007ff8e26a0000 - 0x00007ff8e26ac000 	c:\Users\cjbar\.vscode\extensions\redhat.java-1.30.0-win32-x64\jre\17.0.10-win32-x86_64\bin\vcruntime140_1.dll
0x00007ff8b76b0000 - 0x00007ff8b773d000 	c:\Users\cjbar\.vscode\extensions\redhat.java-1.30.0-win32-x64\jre\17.0.10-win32-x86_64\bin\msvcp140.dll
0x00007ff8828f0000 - 0x00007ff883552000 	c:\Users\cjbar\.vscode\extensions\redhat.java-1.30.0-win32-x64\jre\17.0.10-win32-x86_64\bin\server\jvm.dll
0x00007ff8f9500000 - 0x00007ff8f95b2000 	C:\WINDOWS\System32\ADVAPI32.dll
0x00007ff8f9360000 - 0x00007ff8f9408000 	C:\WINDOWS\System32\sechost.dll
0x00007ff8f7900000 - 0x00007ff8f7928000 	C:\WINDOWS\System32\bcrypt.dll
0x00007ff8f7db0000 - 0x00007ff8f7ec5000 	C:\WINDOWS\System32\RPCRT4.dll
0x00007ff8f6b20000 - 0x00007ff8f6b6d000 	C:\WINDOWS\SYSTEM32\POWRPROF.dll
0x00007ff8f25f0000 - 0x00007ff8f25f9000 	C:\WINDOWS\SYSTEM32\WSOCK32.dll
0x00007ff8f8000000 - 0x00007ff8f8071000 	C:\WINDOWS\System32\WS2_32.dll
0x00007ff8ec370000 - 0x00007ff8ec3a4000 	C:\WINDOWS\SYSTEM32\WINMM.dll
0x00007ff8e6260000 - 0x00007ff8e626a000 	C:\WINDOWS\SYSTEM32\VERSION.dll
0x00007ff8f6a60000 - 0x00007ff8f6a73000 	C:\WINDOWS\SYSTEM32\UMPDC.dll
0x00007ff8f6300000 - 0x00007ff8f6318000 	C:\WINDOWS\SYSTEM32\kernel.appcore.dll
0x00007ff8e2390000 - 0x00007ff8e239a000 	c:\Users\cjbar\.vscode\extensions\redhat.java-1.30.0-win32-x64\jre\17.0.10-win32-x86_64\bin\jimage.dll
0x00007ff8f4bd0000 - 0x00007ff8f4e03000 	C:\WINDOWS\SYSTEM32\DBGHELP.DLL
0x00007ff8f8570000 - 0x00007ff8f88f8000 	C:\WINDOWS\System32\combase.dll
0x00007ff8f9950000 - 0x00007ff8f9a27000 	C:\WINDOWS\System32\OLEAUT32.dll
0x00007ff8cd9c0000 - 0x00007ff8cd9f2000 	C:\WINDOWS\SYSTEM32\dbgcore.DLL
0x00007ff8f7810000 - 0x00007ff8f7889000 	C:\WINDOWS\System32\bcryptPrimitives.dll
0x00007ff8e2250000 - 0x00007ff8e225e000 	c:\Users\cjbar\.vscode\extensions\redhat.java-1.30.0-win32-x64\jre\17.0.10-win32-x86_64\bin\instrument.dll
0x00007ff8c65d0000 - 0x00007ff8c65f5000 	c:\Users\cjbar\.vscode\extensions\redhat.java-1.30.0-win32-x64\jre\17.0.10-win32-x86_64\bin\java.dll
0x00007ff8c65b0000 - 0x00007ff8c65c8000 	c:\Users\cjbar\.vscode\extensions\redhat.java-1.30.0-win32-x64\jre\17.0.10-win32-x86_64\bin\zip.dll
0x00007ff8f8ab0000 - 0x00007ff8f930c000 	C:\WINDOWS\System32\SHELL32.dll
0x00007ff8f5200000 - 0x00007ff8f5af9000 	C:\WINDOWS\SYSTEM32\windows.storage.dll
0x00007ff8f50c0000 - 0x00007ff8f51fe000 	C:\WINDOWS\SYSTEM32\wintypes.dll
0x00007ff8f95d0000 - 0x00007ff8f96c3000 	C:\WINDOWS\System32\SHCORE.dll
0x00007ff8f96d0000 - 0x00007ff8f972e000 	C:\WINDOWS\System32\shlwapi.dll
0x00007ff8f7220000 - 0x00007ff8f7241000 	C:\WINDOWS\SYSTEM32\profapi.dll
0x00007ff8bcdf0000 - 0x00007ff8bce09000 	C:\Users\cjbar\.vscode\extensions\redhat.java-1.30.0-win32-x64\jre\17.0.10-win32-x86_64\bin\net.dll
0x00007ff8ed190000 - 0x00007ff8ed2c6000 	C:\WINDOWS\SYSTEM32\WINHTTP.dll
0x00007ff8f67e0000 - 0x00007ff8f6849000 	C:\WINDOWS\system32\mswsock.dll
0x00007ff8bc8e0000 - 0x00007ff8bc8f6000 	C:\Users\cjbar\.vscode\extensions\redhat.java-1.30.0-win32-x64\jre\17.0.10-win32-x86_64\bin\nio.dll
0x00007ff8e0b40000 - 0x00007ff8e0b50000 	c:\Users\cjbar\.vscode\extensions\redhat.java-1.30.0-win32-x64\jre\17.0.10-win32-x86_64\bin\verify.dll

dbghelp: loaded successfully - version: 4.0.5 - missing functions: none
symbol engine: initialized successfully - sym options: 0x614 - pdb path: .;c:\Users\cjbar\.vscode\extensions\redhat.java-1.30.0-win32-x64\jre\17.0.10-win32-x86_64\bin;C:\WINDOWS\SYSTEM32;C:\WINDOWS\WinSxS\amd64_microsoft.windows.common-controls_6595b64144ccf1df_6.0.22621.3235_none_270f74e173860f98;c:\Users\cjbar\.vscode\extensions\redhat.java-1.30.0-win32-x64\jre\17.0.10-win32-x86_64\bin\server

VM Arguments:
jvm_args: --add-modules=ALL-SYSTEM --add-opens=java.base/java.util=ALL-UNNAMED --add-opens=java.base/java.lang=ALL-UNNAMED --add-opens=java.base/sun.nio.fs=ALL-UNNAMED -Declipse.application=org.eclipse.jdt.ls.core.id1 -Dosgi.bundles.defaultStartLevel=4 -Declipse.product=org.eclipse.jdt.ls.core.product -Djava.import.generatesMetadataFilesAtProjectRoot=false -DDetectVMInstallationsJob.disabled=true -Dfile.encoding=utf8 -XX:+UseParallelGC -XX:GCTimeRatio=4 -XX:AdaptiveSizePolicyWeight=90 -Dsun.zip.disableMemoryMapping=true -Xmx1G -Xms100m -Xlog:disable -javaagent:c:\Users\cjbar\.vscode\extensions\redhat.java-1.30.0-win32-x64\lombok\lombok-1.18.32.jar 
java_command: c:\Users\cjbar\.vscode\extensions\redhat.java-1.30.0-win32-x64\server\plugins\org.eclipse.equinox.launcher_1.6.800.v20240330-1250.jar -configuration c:\Users\cjbar\AppData\Roaming\Code\User\globalStorage\redhat.java\1.30.0\config_ss_win -data c:\Users\cjbar\AppData\Roaming\Code\User\workspaceStorage\9c427704d4bd1625a4c02ed9dfc6d169\redhat.java\ss_ws --pipe=\\.\pipe\lsp-b1a47df2377744b27161e9d1a8b02868-sock
java_class_path (initial): c:\Users\cjbar\.vscode\extensions\redhat.java-1.30.0-win32-x64\server\plugins\org.eclipse.equinox.launcher_1.6.800.v20240330-1250.jar
Launcher Type: SUN_STANDARD

[Global flags]
    uintx AdaptiveSizePolicyWeight                 = 90                                        {product} {command line}
     intx CICompilerCount                          = 3                                         {product} {ergonomic}
    uintx GCTimeRatio                              = 4                                         {product} {command line}
   size_t InitialHeapSize                          = 104857600                                 {product} {command line}
   size_t MaxHeapSize                              = 1073741824                                {product} {command line}
   size_t MaxNewSize                               = 357564416                                 {product} {ergonomic}
   size_t MinHeapDeltaBytes                        = 524288                                    {product} {ergonomic}
   size_t MinHeapSize                              = 104857600                                 {product} {command line}
   size_t NewSize                                  = 34603008                                  {product} {ergonomic}
    uintx NonNMethodCodeHeapSize                   = 5832780                                {pd product} {ergonomic}
    uintx NonProfiledCodeHeapSize                  = 122912730                              {pd product} {ergonomic}
   size_t OldSize                                  = 70254592                                  {product} {ergonomic}
    uintx ProfiledCodeHeapSize                     = 122912730                              {pd product} {ergonomic}
    uintx ReservedCodeCacheSize                    = 251658240                              {pd product} {ergonomic}
     bool SegmentedCodeCache                       = true                                      {product} {ergonomic}
   size_t SoftMaxHeapSize                          = 1073741824                             {manageable} {ergonomic}
     bool UseCompressedClassPointers               = true                           {product lp64_product} {ergonomic}
     bool UseCompressedOops                        = true                           {product lp64_product} {ergonomic}
     bool UseLargePagesIndividualAllocation        = false                                  {pd product} {ergonomic}
     bool UseParallelGC                            = true                                      {product} {command line}

Logging:
Log output configuration:
 #0: stdout all=off uptime,level,tags
 #1: stderr all=off uptime,level,tags

Environment Variables:
PATH=C:\Python312\Scripts\;C:\Python312\;C:\MinGW\bin;C:\Python311\Scripts\;C:\Python311\;C:\WINDOWS\system32;C:\WINDOWS;C:\WINDOWS\System32\Wbem;C:\WINDOWS\System32\WindowsPowerShell\v1.0\;C:\WINDOWS\System32\OpenSSH\;C:\ProgramData\chocolatey\bin;C:\Program Files\jdk-18\bin;C:\Program Files\Git\cmd;C:\Program Files\nodejs\;C:\Users\cjbar\AppData\Local\Microsoft\WindowsApps;C:\Users\cjbar\AppData\Local\Programs\Microsoft VS Code\bin;C:\Program Files\JetBrains\PyCharm Community Edition 2022.3.2\bin;;C:\Program Files\JetBrains\IntelliJ IDEA Community Edition 2023.1.1\bin;;C:\Users\cjbar\AppData\Local\GitHubDesktop\bin;C:\Users\cjbar\AppData\Roaming\npm
USERNAME=cjbar
OS=Windows_NT
PROCESSOR_IDENTIFIER=Intel64 Family 6 Model 140 Stepping 1, GenuineIntel
TMP=C:\Users\cjbar\AppData\Local\Temp
TEMP=C:\Users\cjbar\AppData\Local\Temp



Periodic native trim disabled


---------------  S Y S T E M  ---------------

OS:
 Windows 11 , 64 bit Build 22621 (10.0.22621.3374)
OS uptime: 15 days 13:13 hours
Hyper-V role detected

CPU: total 4 (initial active 4) (2 cores per cpu, 2 threads per core) family 6 model 140 stepping 1 microcode 0x8a, cx8, cmov, fxsr, ht, mmx, 3dnowpref, sse, sse2, sse3, ssse3, sse4.1, sse4.2, popcnt, lzcnt, tsc, tscinvbit, avx, avx2, aes, erms, clmul, bmi1, bmi2, adx, avx512f, avx512dq, avx512cd, avx512bw, avx512vl, sha, fma, vzeroupper, avx512_vpopcntdq, avx512_vpclmulqdq, avx512_vaes, avx512_vnni, clflush, clflushopt, clwb, avx512_vbmi2, avx512_vbmi, hv
Processor Information for all 4 processors :
  Max Mhz: 2995, Current Mhz: 2995, Mhz Limit: 2995

Memory: 4k page, system-wide physical 3819M (88M free)
TotalPageFile size 15595M (AvailPageFile size 3M)
current process WorkingSet (physical memory assigned to process): 38M, peak: 38M
current process commit charge ("private bytes"): 174M, peak: 174M

vm_info: OpenJDK 64-Bit Server VM (17.0.10+7) for windows-amd64 JRE (17.0.10+7), built on Jan 16 2024 23:25:11 by "admin" with MS VC++ 16.10 / 16.11 (VS2019)

END.
